2025-05-02 14:48:45,525 - [run_faithful.py:162]INFO: Method: faithful Dataset: boston-housing
2025-05-02 14:49:52,428 - [run_faithful.py:75]INFO: Best prior precision found: 1.0
2025-05-02 14:49:57,769 - [run_faithful.py:105]INFO: Final test performance: MSE=0.094, LogLik=-2.647
2025-05-02 14:49:57,769 - [run_faithful.py:162]INFO: Method: faithful Dataset: concrete
2025-05-02 14:51:23,043 - [run_faithful.py:75]INFO: Best prior precision found: 0.01
2025-05-02 14:51:30,054 - [run_faithful.py:105]INFO: Final test performance: MSE=0.112, LogLik=-3.084
2025-05-02 14:51:30,054 - [run_faithful.py:162]INFO: Method: faithful Dataset: energy
2025-05-02 14:52:43,411 - [run_faithful.py:75]INFO: Best prior precision found: 0.0001
2025-05-02 14:52:48,405 - [run_faithful.py:105]INFO: Final test performance: MSE=0.051, LogLik=-1.869
2025-05-02 14:52:48,405 - [run_faithful.py:162]INFO: Method: faithful Dataset: kin8nm
2025-05-02 14:53:55,694 - [run_faithful.py:75]INFO: Best prior precision found: 1.0
2025-05-02 14:54:00,567 - [run_faithful.py:105]INFO: Final test performance: MSE=0.128, LogLik=1.005
2025-05-02 14:54:00,567 - [run_faithful.py:162]INFO: Method: faithful Dataset: naval-propulsion-plant
2025-05-02 14:54:51,477 - [run_faithful.py:75]INFO: Best prior precision found: 0.0001
2025-05-02 14:54:56,531 - [run_faithful.py:105]INFO: Final test performance: MSE=0.134, LogLik=4.854
2025-05-02 14:54:56,531 - [run_faithful.py:162]INFO: Method: faithful Dataset: power-plant
2025-05-02 14:55:46,086 - [run_faithful.py:75]INFO: Best prior precision found: 1.0
2025-05-02 14:55:50,656 - [run_faithful.py:105]INFO: Final test performance: MSE=0.062, LogLik=-2.844
2025-05-02 14:55:50,656 - [run_faithful.py:162]INFO: Method: faithful Dataset: wine-quality-red
2025-05-02 14:56:40,037 - [run_faithful.py:75]INFO: Best prior precision found: 1.0
2025-05-02 14:56:44,477 - [run_faithful.py:105]INFO: Final test performance: MSE=0.494, LogLik=-0.866
2025-05-02 14:56:44,477 - [run_faithful.py:162]INFO: Method: faithful Dataset: yacht
2025-05-02 14:57:49,212 - [run_faithful.py:75]INFO: Best prior precision found: 0.01
2025-05-02 14:57:54,816 - [run_faithful.py:105]INFO: Final test performance: MSE=0.015, LogLik=-1.974
