2025-05-01 23:20:55,988 - [run_mean_field_vi.py:213]INFO: Method: vi Dataset: boston-housing
2025-05-01 23:21:33,360 - [run_mean_field_vi.py:109]INFO: Best prior precision found: 1.0
2025-05-01 23:21:35,409 - [run_mean_field_vi.py:153]INFO: Final test performance: MSE=0.066, LogLik=-2.419
2025-05-01 23:21:35,409 - [run_mean_field_vi.py:213]INFO: Method: vi Dataset: concrete
2025-05-01 23:22:21,882 - [run_mean_field_vi.py:109]INFO: Best prior precision found: 0.0001
2025-05-01 23:22:24,878 - [run_mean_field_vi.py:153]INFO: Final test performance: MSE=0.104, LogLik=-2.873
2025-05-01 23:22:24,878 - [run_mean_field_vi.py:213]INFO: Method: vi Dataset: energy
2025-05-01 23:23:05,039 - [run_mean_field_vi.py:109]INFO: Best prior precision found: 0.0001
2025-05-01 23:23:07,640 - [run_mean_field_vi.py:153]INFO: Final test performance: MSE=0.048, LogLik=-1.547
2025-05-01 23:23:07,641 - [run_mean_field_vi.py:213]INFO: Method: vi Dataset: kin8nm
2025-05-01 23:25:39,472 - [run_mean_field_vi.py:109]INFO: Best prior precision found: 1.0
2025-05-01 23:25:48,773 - [run_mean_field_vi.py:153]INFO: Final test performance: MSE=0.068, LogLik=1.350
2025-05-01 23:25:48,773 - [run_mean_field_vi.py:213]INFO: Method: vi Dataset: naval-propulsion-plant
2025-05-01 23:29:17,624 - [run_mean_field_vi.py:109]INFO: Best prior precision found: 1.0
2025-05-01 23:29:32,420 - [run_mean_field_vi.py:153]INFO: Final test performance: MSE=0.236, LogLik=4.727
2025-05-01 23:29:32,421 - [run_mean_field_vi.py:213]INFO: Method: vi Dataset: power-plant
2025-05-01 23:32:21,426 - [run_mean_field_vi.py:109]INFO: Best prior precision found: 0.001
2025-05-01 23:32:33,757 - [run_mean_field_vi.py:153]INFO: Final test performance: MSE=0.058, LogLik=-2.809
2025-05-01 23:32:33,758 - [run_mean_field_vi.py:213]INFO: Method: vi Dataset: wine-quality-red
2025-05-01 23:33:30,825 - [run_mean_field_vi.py:109]INFO: Best prior precision found: 100.0
2025-05-01 23:33:34,117 - [run_mean_field_vi.py:153]INFO: Final test performance: MSE=0.466, LogLik=-0.863
2025-05-01 23:33:34,117 - [run_mean_field_vi.py:213]INFO: Method: vi Dataset: yacht
2025-05-01 23:34:08,695 - [run_mean_field_vi.py:109]INFO: Best prior precision found: 0.1
2025-05-01 23:34:10,612 - [run_mean_field_vi.py:153]INFO: Final test performance: MSE=0.001, LogLik=-0.969
